{
  "stats": {
    "suites": 1,
    "tests": 1,
    "passes": 0,
    "pending": 0,
    "failures": 1,
    "start": "2025-03-19T14:12:41.985Z",
    "end": "2025-03-19T14:13:53.013Z",
    "duration": 71028,
    "testsRegistered": 1,
    "passPercent": 0,
    "pendingPercent": 0,
    "other": 0,
    "hasOther": false,
    "skipped": 0,
    "hasSkipped": false
  },
  "results": [
    {
      "uuid": "bd30f613-d6f9-46d7-a748-713123001b27",
      "title": "",
      "fullFile": "cypress\\integration\\testCasesWithStripeElement\\checkout-saleor-mollie.spec.js",
      "file": "cypress\\integration\\testCasesWithStripeElement\\checkout-saleor-mollie.spec.js",
      "beforeHooks": [],
      "afterHooks": [],
      "tests": [],
      "suites": [
        {
          "uuid": "a8fc62de-6b10-4ecc-9233-3e0a3110d9f6",
          "title": "Place Order for Saleor (shop system) Mollie (Payment method)- CompanyID (6134-61473234o4)",
          "fullFile": "",
          "file": "",
          "beforeHooks": [],
          "afterHooks": [],
          "tests": [
            {
              "title": "Complete an Order for Saleor Mollie and Validate in CMS Database",
              "fullTitle": "Place Order for Saleor (shop system) Mollie (Payment method)- CompanyID (6134-61473234o4) Complete an Order for Saleor Mollie and Validate in CMS Database",
              "timedOut": null,
              "duration": 31991,
              "state": "failed",
              "speed": null,
              "pass": false,
              "fail": true,
              "pending": false,
              "context": "[\n  {\n    \"title\": \"cypress-mochawesome-reporter-videos-failed\",\n    \"value\": \"cypress\\\\integration\\\\testCasesWithStripeElement\\\\checkout-saleor-mollie.spec.js\"\n  },\n  {\n    \"title\": \"cypress-mochawesome-reporter-screenshots\",\n    \"value\": [\n      [\n        \"\\\\checkout-saleor-mollie.spec.js\\\\Place Order for Saleor (shop system) Mollie (Payment method)- CompanyID (6134-61473234o4) -- Complete an Order for Saleor Mollie and Validate in CMS Database (failed).png\"\n      ],\n      [\n        \"\\\\checkout-saleor-mollie.spec.js\\\\Place Order for Saleor (shop system) Mollie (Payment method)- CompanyID (6134-61473234o4) -- Complete an Order for Saleor Mollie and Validate in CMS Database (failed) (attempt 2).png\"\n      ]\n    ]\n  }\n]",
              "code": "cy.url().should(\"include\", _apiKeyCartId.default.saleorMollie_api_key).and(\"include\", _apiKeyCartId.default.saleorMollie_cart_id);\ncy.contains(\"Address & Payment\").should(\"be.visible\");\n(0, _selectCompanyName.enterCompanyName)();\n(0, _selectCalender.selectCalendarDate)();\n(0, _selectCompanyName.enterCompanyName)();\n(0, _getPersonalDetails.enterPersonalDetails)(this.data.firstName, this.data.lastName, this.data.email, this.data.phoneNumber);\n(0, _selectDateOfBirth.selectDateOfBirth)(this.data.year, this.data.month, this.data.date);\n(0, _getAddress.enterFullAddress)(this.data.streetName, this.data.streetNo, this.data.postCode, this.data.city, this.data.country);\ncy.wait(5000);\n(0, _molliePaymentProcess.molliePaymentDetails)();\ncy.wait(5000);\ncy.url().then(url => {\n  cy.log(\"Current URL:\", url);\n  (0, _orderUtils.saveOrderNumberToFixture)();\n  cy.wait(15000);\n  cy.checkOrderExistsInDatabase();\n});",
              "err": {
                "message": "AssertionError: Timed out retrying after 20000ms: Expected to find content: 'Address & Payment' but never did.",
                "estack": "AssertionError: Timed out retrying after 20000ms: Expected to find content: 'Address & Payment' but never did.\n    at Context.eval (webpack:///./cypress/integration/testCasesWithStripeElement/checkout-saleor-mollie.spec.js:31:37)",
                "diff": null
              },
              "uuid": "231de6da-0684-4069-b8e9-26991790d8cf",
              "parentUUID": "a8fc62de-6b10-4ecc-9233-3e0a3110d9f6",
              "isHook": false,
              "skipped": false
            }
          ],
          "suites": [],
          "passes": [],
          "failures": [
            "231de6da-0684-4069-b8e9-26991790d8cf"
          ],
          "pending": [],
          "skipped": [],
          "duration": 31991,
          "root": false,
          "rootEmpty": false,
          "_timeout": 2000
        }
      ],
      "passes": [],
      "failures": [],
      "pending": [],
      "skipped": [],
      "duration": 0,
      "root": true,
      "rootEmpty": true,
      "_timeout": 2000
    }
  ],
  "meta": {
    "mocha": {
      "version": "7.0.1"
    },
    "mochawesome": {
      "options": {
        "quiet": false,
        "reportFilename": "mochawesome",
        "saveHtml": false,
        "saveJson": true,
        "consoleReporter": "spec",
        "useInlineDiffs": false,
        "code": true
      },
      "version": "7.1.3"
    },
    "marge": {
      "options": {
        "overwrite": false,
        "html": false,
        "json": true,
        "reportDir": "cypress\\reports\\html\\.jsons"
      },
      "version": "6.2.0"
    }
  }
}